WARNING:root:volume index: 0 and url: h
WARNING:root:volume index: 1 and url: t
WARNING:root:volume index: 1 and url: t
WARNING:root:volume index: 3 and url: p
WARNING:root:volume index: 4 and url: s
WARNING:root:volume index: 5 and url: :
WARNING:root:volume index: 6 and url: /
WARNING:root:volume index: 6 and url: /
WARNING:root:volume index: 8 and url: m
WARNING:root:volume index: 9 and url: e
WARNING:root:volume index: 10 and url: d
WARNING:root:volume index: 11 and url: i
WARNING:root:volume index: 12 and url: a
WARNING:root:volume index: 12 and url: a
WARNING:root:volume index: 14 and url: r
WARNING:root:volume index: 1 and url: t
WARNING:root:volume index: 0 and url: https://mediaarts-db.bunka.go.jp/id/M701961
WARNING:root:volume index: 0 and url: https://mediaarts-db.bunka.go.jp/id/M701961
WARNING:root:volume index: 0 and url: https://mediaarts-db.bunka.go.jp/id/M701961
WARNING:root:volume index: 0 and url: https://mediaarts-db.bunka.go.jp/id/M543495
WARNING:root:volume index: 0 and url: https://mediaarts-db.bunka.go.jp/id/M543495
WARNING:root:volume index: 0 and url: https://mediaarts-db.bunka.go.jp/id/M543495
WARNING:root:volume index: 0 and url: https://mediaarts-db.bunka.go.jp/id/M543495
WARNING:root:volume index: 0 and url: https://mediaarts-db.bunka.go.jp/id/M543495
WARNING:root:volume index: 0 and url: https://mediaarts-db.bunka.go.jp/id/M543495
WARNING:root:volume index: 0 and url: https://mediaarts-db.bunka.go.jp/id/M543495
WARNING:root:volume index: 0 and url: https://mediaarts-db.bunka.go.jp/id/M543495
WARNING:root:volume index: 0 and url: https://mediaarts-db.bunka.go.jp/id/M543674
WARNING:root:volume index: 0 and url: https://mediaarts-db.bunka.go.jp/id/M543674
WARNING:root:volume index: 0 and url: https://mediaarts-db.bunka.go.jp/id/M543674
WARNING:root:volume index: 0 and url: https://mediaarts-db.bunka.go.jp/id/M543674
WARNING:root:volume index: 0 and url: https://mediaarts-db.bunka.go.jp/id/M543674
WARNING:root:volume index: 0 and url: https://mediaarts-db.bunka.go.jp/id/M543674
WARNING:root:volume index: 0 and url: https://mediaarts-db.bunka.go.jp/id/M543674
